[2014-06-17 12:00:20] production.ERROR: exception 'ErrorException' with message 'Object of class Illuminate\Database\Eloquent\Builder could not be converted to string' in /var/www/html/traffic/vendor/symfony/http-foundation/Symfony/Component/HttpFoundation/Response.php:405
Stack trace:
#0 /var/www/html/traffic/vendor/symfony/http-foundation/Symfony/Component/HttpFoundation/Response.php(405): Illuminate\Exception\Handler->handleError(4096, 'Object of class...', '/var/www/html/t...', 405, Array)
#1 /var/www/html/traffic/vendor/laravel/framework/src/Illuminate/Http/Response.php(46): Symfony\Component\HttpFoundation\Response->setContent(Object(Illuminate\Database\Eloquent\Builder))
#2 /var/www/html/traffic/vendor/symfony/http-foundation/Symfony/Component/HttpFoundation/Response.php(202): Illuminate\Http\Response->setContent(Object(Illuminate\Database\Eloquent\Builder))
#3 /var/www/html/traffic/vendor/laravel/framework/src/Illuminate/Routing/Router.php(1423): Symfony\Component\HttpFoundation\Response->__construct(Object(Illuminate\Database\Eloquent\Builder))
#4 /var/www/html/traffic/vendor/laravel/framework/src/Illuminate/Routing/Router.php(999): Illuminate\Routing\Router->prepareResponse(Object(Illuminate\Http\Request), Object(Illuminate\Database\Eloquent\Builder))
#5 /var/www/html/traffic/vendor/laravel/framework/src/Illuminate/Routing/Router.php(964): Illuminate\Routing\Router->dispatchToRoute(Object(Illuminate\Http\Request))
#6 /var/www/html/traffic/vendor/laravel/framework/src/Illuminate/Foundation/Application.php(738): Illuminate\Routing\Router->dispatch(Object(Illuminate\Http\Request))
#7 /var/www/html/traffic/vendor/laravel/framework/src/Illuminate/Foundation/Application.php(708): Illuminate\Foundation\Application->dispatch(Object(Illuminate\Http\Request))
#8 /var/www/html/traffic/vendor/laravel/framework/src/Illuminate/Session/Middleware.php(72): Illuminate\Foundation\Application->handle(Object(Illuminate\Http\Request), 1, true)
#9 /var/www/html/traffic/vendor/laravel/framework/src/Illuminate/Cookie/Queue.php(47): Illuminate\Session\Middleware->handle(Object(Illuminate\Http\Request), 1, true)
#10 /var/www/html/traffic/vendor/laravel/framework/src/Illuminate/Cookie/Guard.php(51): Illuminate\Cookie\Queue->handle(Object(Illuminate\Http\Request), 1, true)
#11 /var/www/html/traffic/vendor/stack/builder/src/Stack/StackedHttpKernel.php(23): Illuminate\Cookie\Guard->handle(Object(Illuminate\Http\Request), 1, true)
#12 /var/www/html/traffic/vendor/laravel/framework/src/Illuminate/Foundation/Application.php(606): Stack\StackedHttpKernel->handle(Object(Illuminate\Http\Request))
#13 /var/www/html/traffic/public/index.php(49): Illuminate\Foundation\Application->run()
#14 /var/www/html/traffic/server.php(19): require_once('/var/www/html/t...')
#15 {main} [] []
[2014-06-17 12:02:29] production.ERROR: exception 'Illuminate\Database\QueryException' with message 'SQLSTATE[42S22]: Column not found: 1054 Unknown column 'create_at' in 'order clause' (SQL: select * from `track_user` group by `track_id` order by `create_at` desc)' in /var/www/html/traffic/vendor/laravel/framework/src/Illuminate/Database/Connection.php:555
Stack trace:
#0 /var/www/html/traffic/vendor/laravel/framework/src/Illuminate/Database/Connection.php(283): Illuminate\Database\Connection->run('select * from `...', Array, Object(Closure))
#1 /var/www/html/traffic/vendor/laravel/framework/src/Illuminate/Database/Query/Builder.php(1312): Illuminate\Database\Connection->select('select * from `...', Array)
#2 /var/www/html/traffic/vendor/laravel/framework/src/Illuminate/Database/Query/Builder.php(1302): Illuminate\Database\Query\Builder->runSelect()
#3 /var/www/html/traffic/vendor/laravel/framework/src/Illuminate/Database/Query/Builder.php(1289): Illuminate\Database\Query\Builder->getFresh(Array)
#4 /var/www/html/traffic/vendor/laravel/framework/src/Illuminate/Database/Eloquent/Builder.php(416): Illuminate\Database\Query\Builder->get(Array)
#5 /var/www/html/traffic/vendor/laravel/framework/src/Illuminate/Database/Eloquent/Builder.php(151): Illuminate\Database\Eloquent\Builder->getModels(Array)
#6 /var/www/html/traffic/app/controllers/TrackUserController.php(12): Illuminate\Database\Eloquent\Builder->get()
#7 [internal function]: TrackUserController->index()
#8 /var/www/html/traffic/vendor/laravel/framework/src/Illuminate/Routing/Controller.php(231): call_user_func_array(Array, Array)
#9 /var/www/html/traffic/vendor/laravel/framework/src/Illuminate/Routing/ControllerDispatcher.php(93): Illuminate\Routing\Controller->callAction('index', Array)
#10 /var/www/html/traffic/vendor/laravel/framework/src/Illuminate/Routing/ControllerDispatcher.php(62): Illuminate\Routing\ControllerDispatcher->call(Object(TrackUserController), Object(Illuminate\Routing\Route), 'index')
#11 /var/www/html/traffic/vendor/laravel/framework/src/Illuminate/Routing/Router.php(930): Illuminate\Routing\ControllerDispatcher->dispatch(Object(Illuminate\Routing\Route), Object(Illuminate\Http\Request), 'TrackUserContro...', 'index')
#12 [internal function]: Illuminate\Routing\Router->Illuminate\Routing\{closure}()
#13 /var/www/html/traffic/vendor/laravel/framework/src/Illuminate/Routing/Route.php(105): call_user_func_array(Object(Closure), Array)
#14 /var/www/html/traffic/vendor/laravel/framework/src/Illuminate/Routing/Router.php(996): Illuminate\Routing\Route->run(Object(Illuminate\Http\Request))
#15 /var/www/html/traffic/vendor/laravel/framework/src/Illuminate/Routing/Router.php(964): Illuminate\Routing\Router->dispatchToRoute(Object(Illuminate\Http\Request))
#16 /var/www/html/traffic/vendor/laravel/framework/src/Illuminate/Foundation/Application.php(738): Illuminate\Routing\Router->dispatch(Object(Illuminate\Http\Request))
#17 /var/www/html/traffic/vendor/laravel/framework/src/Illuminate/Foundation/Application.php(708): Illuminate\Foundation\Application->dispatch(Object(Illuminate\Http\Request))
#18 /var/www/html/traffic/vendor/laravel/framework/src/Illuminate/Session/Middleware.php(72): Illuminate\Foundation\Application->handle(Object(Illuminate\Http\Request), 1, true)
#19 /var/www/html/traffic/vendor/laravel/framework/src/Illuminate/Cookie/Queue.php(47): Illuminate\Session\Middleware->handle(Object(Illuminate\Http\Request), 1, true)
#20 /var/www/html/traffic/vendor/laravel/framework/src/Illuminate/Cookie/Guard.php(51): Illuminate\Cookie\Queue->handle(Object(Illuminate\Http\Request), 1, true)
#21 /var/www/html/traffic/vendor/stack/builder/src/Stack/StackedHttpKernel.php(23): Illuminate\Cookie\Guard->handle(Object(Illuminate\Http\Request), 1, true)
#22 /var/www/html/traffic/vendor/laravel/framework/src/Illuminate/Foundation/Application.php(606): Stack\StackedHttpKernel->handle(Object(Illuminate\Http\Request))
#23 /var/www/html/traffic/public/index.php(49): Illuminate\Foundation\Application->run()
#24 /var/www/html/traffic/server.php(19): require_once('/var/www/html/t...')
#25 {main} [] []
[2014-06-17 12:02:47] production.ERROR: exception 'Illuminate\Database\QueryException' with message 'SQLSTATE[42S22]: Column not found: 1054 Unknown column 'creatd_at' in 'order clause' (SQL: select * from `track_user` group by `track_id` order by `creatd_at` desc)' in /var/www/html/traffic/vendor/laravel/framework/src/Illuminate/Database/Connection.php:555
Stack trace:
#0 /var/www/html/traffic/vendor/laravel/framework/src/Illuminate/Database/Connection.php(283): Illuminate\Database\Connection->run('select * from `...', Array, Object(Closure))
#1 /var/www/html/traffic/vendor/laravel/framework/src/Illuminate/Database/Query/Builder.php(1312): Illuminate\Database\Connection->select('select * from `...', Array)
#2 /var/www/html/traffic/vendor/laravel/framework/src/Illuminate/Database/Query/Builder.php(1302): Illuminate\Database\Query\Builder->runSelect()
#3 /var/www/html/traffic/vendor/laravel/framework/src/Illuminate/Database/Query/Builder.php(1289): Illuminate\Database\Query\Builder->getFresh(Array)
#4 /var/www/html/traffic/vendor/laravel/framework/src/Illuminate/Database/Eloquent/Builder.php(416): Illuminate\Database\Query\Builder->get(Array)
#5 /var/www/html/traffic/vendor/laravel/framework/src/Illuminate/Database/Eloquent/Builder.php(151): Illuminate\Database\Eloquent\Builder->getModels(Array)
#6 /var/www/html/traffic/app/controllers/TrackUserController.php(12): Illuminate\Database\Eloquent\Builder->get()
#7 [internal function]: TrackUserController->index()
#8 /var/www/html/traffic/vendor/laravel/framework/src/Illuminate/Routing/Controller.php(231): call_user_func_array(Array, Array)
#9 /var/www/html/traffic/vendor/laravel/framework/src/Illuminate/Routing/ControllerDispatcher.php(93): Illuminate\Routing\Controller->callAction('index', Array)
#10 /var/www/html/traffic/vendor/laravel/framework/src/Illuminate/Routing/ControllerDispatcher.php(62): Illuminate\Routing\ControllerDispatcher->call(Object(TrackUserController), Object(Illuminate\Routing\Route), 'index')
#11 /var/www/html/traffic/vendor/laravel/framework/src/Illuminate/Routing/Router.php(930): Illuminate\Routing\ControllerDispatcher->dispatch(Object(Illuminate\Routing\Route), Object(Illuminate\Http\Request), 'TrackUserContro...', 'index')
#12 [internal function]: Illuminate\Routing\Router->Illuminate\Routing\{closure}()
#13 /var/www/html/traffic/vendor/laravel/framework/src/Illuminate/Routing/Route.php(105): call_user_func_array(Object(Closure), Array)
#14 /var/www/html/traffic/vendor/laravel/framework/src/Illuminate/Routing/Router.php(996): Illuminate\Routing\Route->run(Object(Illuminate\Http\Request))
#15 /var/www/html/traffic/vendor/laravel/framework/src/Illuminate/Routing/Router.php(964): Illuminate\Routing\Router->dispatchToRoute(Object(Illuminate\Http\Request))
#16 /var/www/html/traffic/vendor/laravel/framework/src/Illuminate/Foundation/Application.php(738): Illuminate\Routing\Router->dispatch(Object(Illuminate\Http\Request))
#17 /var/www/html/traffic/vendor/laravel/framework/src/Illuminate/Foundation/Application.php(708): Illuminate\Foundation\Application->dispatch(Object(Illuminate\Http\Request))
#18 /var/www/html/traffic/vendor/laravel/framework/src/Illuminate/Session/Middleware.php(72): Illuminate\Foundation\Application->handle(Object(Illuminate\Http\Request), 1, true)
#19 /var/www/html/traffic/vendor/laravel/framework/src/Illuminate/Cookie/Queue.php(47): Illuminate\Session\Middleware->handle(Object(Illuminate\Http\Request), 1, true)
#20 /var/www/html/traffic/vendor/laravel/framework/src/Illuminate/Cookie/Guard.php(51): Illuminate\Cookie\Queue->handle(Object(Illuminate\Http\Request), 1, true)
#21 /var/www/html/traffic/vendor/stack/builder/src/Stack/StackedHttpKernel.php(23): Illuminate\Cookie\Guard->handle(Object(Illuminate\Http\Request), 1, true)
#22 /var/www/html/traffic/vendor/laravel/framework/src/Illuminate/Foundation/Application.php(606): Stack\StackedHttpKernel->handle(Object(Illuminate\Http\Request))
#23 /var/www/html/traffic/public/index.php(49): Illuminate\Foundation\Application->run()
#24 /var/www/html/traffic/server.php(19): require_once('/var/www/html/t...')
#25 {main} [] []
[2014-06-17 12:16:30] production.ERROR: exception 'Symfony\Component\Debug\Exception\FatalErrorException' with message 'Call to a member function groupBy() on a non-object' in /var/www/html/traffic/app/controllers/TrackUserController.php:15
Stack trace:
#0 [internal function]: Illuminate\Exception\Handler->handleShutdown()
#1 {main} [] []
[2014-06-17 12:18:03] production.ERROR: exception 'Symfony\Component\Debug\Exception\FatalErrorException' with message 'Call to a member function get() on a non-object' in /var/www/html/traffic/app/controllers/TrackUserController.php:13
Stack trace:
#0 [internal function]: Illuminate\Exception\Handler->handleShutdown()
#1 {main} [] []
[2014-06-17 12:28:15] production.ERROR: exception 'ErrorException' with message 'strtolower() expects parameter 1 to be string, object given' in /var/www/html/traffic/vendor/laravel/framework/src/Illuminate/Database/Grammar.php:49
Stack trace:
#0 [internal function]: Illuminate\Exception\Handler->handleError(2, 'strtolower() ex...', '/var/www/html/t...', 49, Array)
#1 /var/www/html/traffic/vendor/laravel/framework/src/Illuminate/Database/Grammar.php(49): strtolower(Object(Illuminate\Database\Eloquent\Builder))
#2 [internal function]: Illuminate\Database\Grammar->wrap(Object(Illuminate\Database\Eloquent\Builder))
#3 /var/www/html/traffic/vendor/laravel/framework/src/Illuminate/Database/Grammar.php(99): array_map(Array, Array)
#4 /var/www/html/traffic/vendor/laravel/framework/src/Illuminate/Database/Query/Grammars/Grammar.php(105): Illuminate\Database\Grammar->columnize(Array)
#5 /var/www/html/traffic/vendor/laravel/framework/src/Illuminate/Database/Query/Grammars/Grammar.php(60): Illuminate\Database\Query\Grammars\Grammar->compileColumns(Object(Illuminate\Database\Query\Builder), Array)
#6 /var/www/html/traffic/vendor/laravel/framework/src/Illuminate/Database/Query/Grammars/Grammar.php(38): Illuminate\Database\Query\Grammars\Grammar->compileComponents(Object(Illuminate\Database\Query\Builder))
#7 /var/www/html/traffic/vendor/laravel/framework/src/Illuminate/Database/Query/Grammars/MySqlGrammar.php(34): Illuminate\Database\Query\Grammars\Grammar->compileSelect(Object(Illuminate\Database\Query\Builder))
#8 /var/www/html/traffic/vendor/laravel/framework/src/Illuminate/Database/Query/Builder.php(1187): Illuminate\Database\Query\Grammars\MySqlGrammar->compileSelect(Object(Illuminate\Database\Query\Builder))
#9 /var/www/html/traffic/vendor/laravel/framework/src/Illuminate/Database/Query/Builder.php(1312): Illuminate\Database\Query\Builder->toSql()
#10 /var/www/html/traffic/vendor/laravel/framework/src/Illuminate/Database/Query/Builder.php(1302): Illuminate\Database\Query\Builder->runSelect()
#11 /var/www/html/traffic/vendor/laravel/framework/src/Illuminate/Database/Query/Builder.php(1289): Illuminate\Database\Query\Builder->getFresh(Array)
#12 /var/www/html/traffic/vendor/laravel/framework/src/Illuminate/Database/Eloquent/Builder.php(416): Illuminate\Database\Query\Builder->get(Array)
#13 /var/www/html/traffic/vendor/laravel/framework/src/Illuminate/Database/Eloquent/Builder.php(151): Illuminate\Database\Eloquent\Builder->getModels(Array)
#14 /var/www/html/traffic/app/controllers/TrackUserController.php(17): Illuminate\Database\Eloquent\Builder->get()
#15 [internal function]: TrackUserController->index()
#16 /var/www/html/traffic/vendor/laravel/framework/src/Illuminate/Routing/Controller.php(231): call_user_func_array(Array, Array)
#17 /var/www/html/traffic/vendor/laravel/framework/src/Illuminate/Routing/ControllerDispatcher.php(93): Illuminate\Routing\Controller->callAction('index', Array)
#18 /var/www/html/traffic/vendor/laravel/framework/src/Illuminate/Routing/ControllerDispatcher.php(62): Illuminate\Routing\ControllerDispatcher->call(Object(TrackUserController), Object(Illuminate\Routing\Route), 'index')
#19 /var/www/html/traffic/vendor/laravel/framework/src/Illuminate/Routing/Router.php(930): Illuminate\Routing\ControllerDispatcher->dispatch(Object(Illuminate\Routing\Route), Object(Illuminate\Http\Request), 'TrackUserContro...', 'index')
#20 [internal function]: Illuminate\Routing\Router->Illuminate\Routing\{closure}()
#21 /var/www/html/traffic/vendor/laravel/framework/src/Illuminate/Routing/Route.php(105): call_user_func_array(Object(Closure), Array)
#22 /var/www/html/traffic/vendor/laravel/framework/src/Illuminate/Routing/Router.php(996): Illuminate\Routing\Route->run(Object(Illuminate\Http\Request))
#23 /var/www/html/traffic/vendor/laravel/framework/src/Illuminate/Routing/Router.php(964): Illuminate\Routing\Router->dispatchToRoute(Object(Illuminate\Http\Request))
#24 /var/www/html/traffic/vendor/laravel/framework/src/Illuminate/Foundation/Application.php(738): Illuminate\Routing\Router->dispatch(Object(Illuminate\Http\Request))
#25 /var/www/html/traffic/vendor/laravel/framework/src/Illuminate/Foundation/Application.php(708): Illuminate\Foundation\Application->dispatch(Object(Illuminate\Http\Request))
#26 /var/www/html/traffic/vendor/laravel/framework/src/Illuminate/Session/Middleware.php(72): Illuminate\Foundation\Application->handle(Object(Illuminate\Http\Request), 1, true)
#27 /var/www/html/traffic/vendor/laravel/framework/src/Illuminate/Cookie/Queue.php(47): Illuminate\Session\Middleware->handle(Object(Illuminate\Http\Request), 1, true)
#28 /var/www/html/traffic/vendor/laravel/framework/src/Illuminate/Cookie/Guard.php(51): Illuminate\Cookie\Queue->handle(Object(Illuminate\Http\Request), 1, true)
#29 /var/www/html/traffic/vendor/stack/builder/src/Stack/StackedHttpKernel.php(23): Illuminate\Cookie\Guard->handle(Object(Illuminate\Http\Request), 1, true)
#30 /var/www/html/traffic/vendor/laravel/framework/src/Illuminate/Foundation/Application.php(606): Stack\StackedHttpKernel->handle(Object(Illuminate\Http\Request))
#31 /var/www/html/traffic/public/index.php(49): Illuminate\Foundation\Application->run()
#32 /var/www/html/traffic/server.php(19): require_once('/var/www/html/t...')
#33 {main} [] []
